Traceback (most recent call last):
  File "/nobackup/enzez/LatentMemo/pseudo-labels/train.py", line 17, in <module>
    from hpl_data import make_data_hpl_official
  File "/nobackup/enzez/LatentMemo/pseudo-labels/hpl_data.py", line 9, in <module>
    import pandas as pd
  File "/nobackup/enzez/.venv/lib/python3.10/site-packages/pandas/__init__.py", line 138, in <module>
    from pandas import api, arrays, errors, io, plotting, tseries
  File "/nobackup/enzez/.venv/lib/python3.10/site-packages/pandas/api/__init__.py", line 2, in <module>
    from pandas.api import (
  File "/nobackup/enzez/.venv/lib/python3.10/site-packages/pandas/api/typing/__init__.py", line 31, in <module>
    from pandas.io.json._json import JsonReader
  File "/nobackup/enzez/.venv/lib/python3.10/site-packages/pandas/io/json/__init__.py", line 1, in <module>
    from pandas.io.json._json import (
  File "/nobackup/enzez/.venv/lib/python3.10/site-packages/pandas/io/json/_json.py", line 280, in <module>
    class SeriesWriter(Writer):
  File "/usr/lib/python3.10/abc.py", line 106, in __new__
    cls = super().__new__(mcls, name, bases, namespace, **kwargs)
KeyboardInterrupt
usage: train.py [-h] [-dataset {utkface,imdb_wiki,stsb,utkface_official}]
                --data_dir DATA_DIR [--method {probe,hpl,supervised}]
                [--labeled_ratio LABELED_RATIO] [--epochs EPOCHS]
                [--batch_size BATCH_SIZE] [--workers WORKERS]
                [--img_size IMG_SIZE] [--lr LR] [--fc_lr FC_LR]
                [--unc_lr UNC_LR] [--lambda_u LAMBDA_U] [--seed SEED]
                [--save SAVE] [--backbone {resnet50,dinov2}]
                [--probe_backbone {resnet50,dinov2}] [--dino {s,b,l}]
                [--no_pretrained]
train.py: error: the following arguments are required: --data_dir
