nohup: ignoring input
UTKFace: labeled=948, unlabeled=18021, val=2370, test=2370
label scaler: mean=33.99, std=19.73
=== Label-Space Drift Analysis ===

Probe estimate MAE: 11.57 years
Probe model MAE:    5.62 years
HPL model MAE:      5.88 years

Mean drift from probe estimate:
  Probe model: 10.74 years (|ŷ - ỹ|)
  HPL model:   10.56 years (|ŷ - ỹ|)

Drift helped (model closer to truth than probe):
  Probe: 73.9%
  HPL:   71.4%

When drift helped, avg improvement:
  Probe: 9.76 years closer to truth
  HPL:   9.88 years closer to truth

When drift hurt, avg damage:
  Probe: 4.85 years further from truth
  HPL:   4.74 years further from truth

=== Drift by Age Group ===
Group           Probe drift     HPL drift       Probe helped%   HPL helped%    
Children        11.64           11.41           84.2            84.2           
Teens           11.39           10.77           85.6            69.6           
Young Adult     10.25           10.12           74.3            73.9           
Middle Age      10.87           10.87           64.3            60.7           
Seniors         10.44           10.14           69.0            63.6           
Elderly         15.52           14.74           64.8            64.8           

Saved label_drift_analysis.png
