nohup: ignoring input
Loading STS-B dataset...
  Train: 5749, Test (from val): 1500
Encoding with sentence-transformer...
Loading weights:   0%|          | 0/103 [00:00<?, ?it/s]Loading weights: 100%|██████████| 103/103 [00:00<00:00, 11629.52it/s]
  Encoding 5749 sentence pairs...
Loading weights:   0%|          | 0/103 [00:00<?, ?it/s]Loading weights: 100%|██████████| 103/103 [00:00<00:00, 4833.39it/s]
/nobackup/enzez/.venv/lib/python3.10/site-packages/torch/utils/data/dataloader.py:752: UserWarning: 'pin_memory' argument is set as true but no accelerator is found, then device pinned memory won't be used.
  super().__init__(loader)
  Encoding 1500 sentence pairs...
  Feature dim: 1536
STS-B: labeled=258, unlabeled=4917, val=574, test=1500
label scaler: mean=2.70, std=1.46
ep 1: val_mae=1.001, r2=0.3612
ep 2: val_mae=0.885, r2=0.4913
ep 3: val_mae=0.844, r2=0.5162
ep 4: val_mae=0.795, r2=0.5820
ep 5: val_mae=0.793, r2=0.5765
ep 6: val_mae=0.752, r2=0.6192
ep 7: val_mae=0.763, r2=0.6054
ep 8: val_mae=0.731, r2=0.6434
ep 9: val_mae=0.732, r2=0.6427
ep 10: val_mae=0.714, r2=0.6511
ep 11: val_mae=0.730, r2=0.6304
ep 12: val_mae=0.720, r2=0.6495
ep 13: val_mae=0.715, r2=0.6520
ep 14: val_mae=0.705, r2=0.6541
ep 15: val_mae=0.730, r2=0.6377
ep 16: val_mae=0.703, r2=0.6586
ep 17: val_mae=0.711, r2=0.6498
ep 18: val_mae=0.712, r2=0.6348
ep 19: val_mae=0.741, r2=0.6213
ep 20: val_mae=0.723, r2=0.6367
ep 21: val_mae=0.711, r2=0.6287
ep 22: val_mae=0.750, r2=0.5973
ep 23: val_mae=0.740, r2=0.6305
ep 24: val_mae=0.735, r2=0.6315
ep 25: val_mae=0.749, r2=0.6224
ep 26: val_mae=0.743, r2=0.6235
ep 27: val_mae=0.753, r2=0.6199
ep 28: val_mae=0.760, r2=0.6091
ep 29: val_mae=0.777, r2=0.5990
ep 30: val_mae=0.785, r2=0.5950
TEST hpl: mae=0.779, r2=0.6179
Traceback (most recent call last):
  File "/nobackup/enzez/LatentMemo/pseudo-labels/train.py", line 524, in <module>
    main()
  File "/nobackup/enzez/LatentMemo/pseudo-labels/train.py", line 515, in main
    if args.dataset == 'stsb': train_hpl_text(args, loaders, scaler, device)
  File "/nobackup/enzez/LatentMemo/pseudo-labels/train.py", line 375, in train_hpl_text
    probe, sigma_sq = train_probe(frozen.backbone, lab, device)
  File "/nobackup/enzez/LatentMemo/pseudo-labels/probe_filter.py", line 36, in train_probe
    feat = backbone(x.to(device))
  File "/nobackup/enzez/.venv/lib/python3.10/site-packages/torch/nn/modules/module.py", line 1778, in _wrapped_call_impl
    return self._call_impl(*args, **kwargs)
  File "/nobackup/enzez/.venv/lib/python3.10/site-packages/torch/nn/modules/module.py", line 1789, in _call_impl
    return forward_call(*args, **kwargs)
  File "/nobackup/enzez/.venv/lib/python3.10/site-packages/torchvision/models/resnet.py", line 285, in forward
    return self._forward_impl(x)
  File "/nobackup/enzez/.venv/lib/python3.10/site-packages/torchvision/models/resnet.py", line 268, in _forward_impl
    x = self.conv1(x)
  File "/nobackup/enzez/.venv/lib/python3.10/site-packages/torch/nn/modules/module.py", line 1778, in _wrapped_call_impl
    return self._call_impl(*args, **kwargs)
  File "/nobackup/enzez/.venv/lib/python3.10/site-packages/torch/nn/modules/module.py", line 1789, in _call_impl
    return forward_call(*args, **kwargs)
  File "/nobackup/enzez/.venv/lib/python3.10/site-packages/torch/nn/modules/conv.py", line 565, in forward
    return self._conv_forward(input, self.weight, self.bias)
  File "/nobackup/enzez/.venv/lib/python3.10/site-packages/torch/nn/modules/conv.py", line 560, in _conv_forward
    return F.conv2d(
RuntimeError: Expected 3D (unbatched) or 4D (batched) input to conv2d, but got input of size: [32, 1536]
