nohup: ignoring input
UTKFace: labeled=948, unlabeled=18021, val=2370, test=2370
label scaler: mean=33.99, std=19.73
=== Filter Quality Analysis ===

Pseudo-label quality:
  Probe model pseudo-label MAE: 5.62 years
  HPL model pseudo-label MAE:   5.88 years

Filter statistics:
  Probe: mean_r=0.693, min=0.203, max=1.000
  HPL:   mean_w=0.000000, min=0.000000, max=0.000000

Filter calibration (weight vs pseudo-label error):
  Probe: Spearman rho=-0.0408 (p=4.69e-02)
  HPL:   Spearman rho=0.3441 (p=7.83e-67)
  (Negative = good: low weight on high-error samples)

--- What the probe filter does ---
  Low trust (r<0.5): 335 samples (14.1%)
    Avg pseudo-label error: 6.11 years
    Avg weight applied: 0.428
  Medium (0.5≤r<0.8): 1325 samples (55.9%)
    Avg pseudo-label error: 5.75 years
    Avg weight applied: 0.654
  High trust (r≥0.8): 710 samples (30.0%)
    Avg pseudo-label error: 5.15 years
    Avg weight applied: 0.891

Effective pseudo-label error (weight-averaged):
  Probe: 5.55 years (vs unweighted 5.62)
  HPL:   8.64 years (vs unweighted 5.88)
  Probe reduces effective error by 0.07 years

Saved filter_quality_analysis.png
