nohup: ignoring input
Loading STS-B dataset...
  Train: 5749, Test (from val): 1500
Encoding with sentence-transformer...
Loading weights:   0%|          | 0/103 [00:00<?, ?it/s]Loading weights: 100%|██████████| 103/103 [00:00<00:00, 16943.03it/s]
  Encoding 5749 sentence pairs...
Loading weights:   0%|          | 0/103 [00:00<?, ?it/s]Loading weights: 100%|██████████| 103/103 [00:00<00:00, 6013.55it/s]
  Encoding 1500 sentence pairs...
  Feature dim: 1536
STS-B: labeled=1035, unlabeled=4140, val=574, test=1500
label scaler: mean=2.70, std=1.46
ep 1: val_mae=1.007, r2=0.3751
ep 2: val_mae=0.781, r2=0.5913
ep 3: val_mae=0.716, r2=0.6491
ep 4: val_mae=0.679, r2=0.6765
ep 5: val_mae=0.653, r2=0.6909
ep 6: val_mae=0.639, r2=0.7027
ep 7: val_mae=0.636, r2=0.7079
ep 8: val_mae=0.624, r2=0.7120
ep 9: val_mae=0.622, r2=0.7116
ep 10: val_mae=0.630, r2=0.7082
ep 11: val_mae=0.627, r2=0.7076
ep 12: val_mae=0.624, r2=0.7123
ep 13: val_mae=0.631, r2=0.7059
ep 14: val_mae=0.649, r2=0.6892
ep 15: val_mae=0.637, r2=0.7057
ep 16: val_mae=0.630, r2=0.7087
ep 17: val_mae=0.641, r2=0.7000
ep 18: val_mae=0.636, r2=0.6985
ep 19: val_mae=0.641, r2=0.6918
ep 20: val_mae=0.643, r2=0.7013
ep 21: val_mae=0.645, r2=0.7016
ep 22: val_mae=0.636, r2=0.7072
ep 23: val_mae=0.654, r2=0.6957
ep 24: val_mae=0.648, r2=0.6958
ep 25: val_mae=0.631, r2=0.7041
ep 26: val_mae=0.643, r2=0.6982
ep 27: val_mae=0.640, r2=0.7016
ep 28: val_mae=0.652, r2=0.6923
ep 29: val_mae=0.650, r2=0.6968
ep 30: val_mae=0.625, r2=0.7032
TEST hpl: mae=0.633, r2=0.7217
Traceback (most recent call last):
  File "/nobackup/enzez/LatentMemo/pseudo-labels/train.py", line 515, in <module>
    main()
  File "/nobackup/enzez/LatentMemo/pseudo-labels/train.py", line 506, in main
    if args.dataset == 'stsb': train_hpl_text(args, loaders, scaler, device)
  File "/nobackup/enzez/LatentMemo/pseudo-labels/train.py", line 366, in train_hpl_text
    probe, sigma_sq = train_probe(frozen.backbone, lab, device)
  File "/nobackup/enzez/LatentMemo/pseudo-labels/probe_filter.py", line 36, in train_probe
    feat = backbone(x.to(device))
  File "/nobackup/enzez/.venv/lib/python3.10/site-packages/torch/nn/modules/module.py", line 1778, in _wrapped_call_impl
    return self._call_impl(*args, **kwargs)
  File "/nobackup/enzez/.venv/lib/python3.10/site-packages/torch/nn/modules/module.py", line 1789, in _call_impl
    return forward_call(*args, **kwargs)
  File "/nobackup/enzez/.venv/lib/python3.10/site-packages/torchvision/models/resnet.py", line 285, in forward
    return self._forward_impl(x)
  File "/nobackup/enzez/.venv/lib/python3.10/site-packages/torchvision/models/resnet.py", line 268, in _forward_impl
    x = self.conv1(x)
  File "/nobackup/enzez/.venv/lib/python3.10/site-packages/torch/nn/modules/module.py", line 1778, in _wrapped_call_impl
    return self._call_impl(*args, **kwargs)
  File "/nobackup/enzez/.venv/lib/python3.10/site-packages/torch/nn/modules/module.py", line 1789, in _call_impl
    return forward_call(*args, **kwargs)
  File "/nobackup/enzez/.venv/lib/python3.10/site-packages/torch/nn/modules/conv.py", line 565, in forward
    return self._conv_forward(input, self.weight, self.bias)
  File "/nobackup/enzez/.venv/lib/python3.10/site-packages/torch/nn/modules/conv.py", line 560, in _conv_forward
    return F.conv2d(
RuntimeError: Expected 3D (unbatched) or 4D (batched) input to conv2d, but got input of size: [32, 1536]
